08/03/24 09:24:49 | INFO | C:\Users\gabriel.adprestes\source\repos\calculadoraIphone\logger.py : Apenas um registro mesmo
08/03/24 09:24:49 | WARNING | C:\Users\gabriel.adprestes\source\repos\calculadoraIphone\logger.py : Cuidado que pode ter um erro ein
08/03/24 09:24:49 | ERROR | C:\Users\gabriel.adprestes\source\repos\calculadoraIphone\logger.py : Vish deu um erro Grave cara
08/03/24 09:24:49 | CRITICAL | C:\Users\gabriel.adprestes\source\repos\calculadoraIphone\logger.py : Deu MERDA
08/03/24 09:51:26 | INFO | C:\Users\gabriel.adprestes\source\repos\calculadoraIphone\main.py : Iniciei a interface
08/03/24 09:53:32 | INFO | C:\Users\gabriel.adprestes\source\repos\calculadoraIphone\main.py : Iniciei a interface
08/03/24 09:58:45 | INFO | C:\Users\gabriel.adprestes\source\repos\calculadoraIphone\main.py : Iniciei a interface
08/03/24 10:04:37 | INFO | C:\Users\gabriel.adprestes\source\repos\calculadoraIphone\main.py : Iniciei a interface
08/03/24 10:05:26 | INFO | C:\Users\gabriel.adprestes\source\repos\calculadoraIphone\main.py : Iniciei a interface
08/03/24 10:05:48 | INFO | C:\Users\gabriel.adprestes\source\repos\calculadoraIphone\main.py : Iniciei a interface
08/03/24 10:06:08 | INFO | C:\Users\gabriel.adprestes\source\repos\calculadoraIphone\main.py : Iniciei a interface
08/03/24 10:06:16 | INFO | C:\Users\gabriel.adprestes\source\repos\calculadoraIphone\main.py : Iniciei a interface
08/03/24 10:07:51 | INFO | C:\Users\gabriel.adprestes\source\repos\calculadoraIphone\main.py : Iniciei a interface
08/03/24 10:08:01 | INFO | C:\Users\gabriel.adprestes\source\repos\calculadoraIphone\main.py : Iniciei a interface
08/03/24 10:08:09 | INFO | C:\Users\gabriel.adprestes\source\repos\calculadoraIphone\main.py : Iniciei a interface
08/03/24 10:08:46 | INFO | C:\Users\gabriel.adprestes\source\repos\calculadoraIphone\main.py : Iniciei a interface
08/03/24 10:09:00 | INFO | C:\Users\gabriel.adprestes\source\repos\calculadoraIphone\main.py : Iniciei a interface
08/03/24 10:13:05 | INFO | C:\Users\gabriel.adprestes\source\repos\calculadoraIphone\main.py : Iniciei a interface
08/03/24 10:16:07 | INFO | C:\Users\gabriel.adprestes\source\repos\calculadoraIphone\main.py : Iniciei a interface
08/03/24 10:17:04 | INFO | C:\Users\gabriel.adprestes\source\repos\calculadoraIphone\main.py : Iniciei a interface
08/03/24 10:17:16 | INFO | C:\Users\gabriel.adprestes\source\repos\calculadoraIphone\main.py : Iniciei a interface
08/03/24 10:21:55 | INFO | C:\Users\gabriel.adprestes\source\repos\calculadoraIphone\main.py : Iniciei a interface
08/03/24 10:23:08 | INFO | C:\Users\gabriel.adprestes\source\repos\calculadoraIphone\main.py : Iniciei a interface
08/03/24 10:24:13 | INFO | C:\Users\gabriel.adprestes\source\repos\calculadoraIphone\main.py : Iniciei a interface
08/03/24 10:24:53 | INFO | C:\Users\gabriel.adprestes\source\repos\calculadoraIphone\main.py : Iniciei a interface
08/03/24 10:26:22 | INFO | C:\Users\gabriel.adprestes\source\repos\calculadoraIphone\main.py : Iniciei a interface
08/03/24 10:39:13 | INFO | C:\Users\gabriel.adprestes\source\repos\calculadoraIphone\main.py : Iniciei a interface
08/03/24 10:42:34 | INFO | C:\Users\gabriel.adprestes\source\repos\calculadoraIphone\main.py : Iniciei a interface
08/03/24 10:43:14 | INFO | C:\Users\gabriel.adprestes\source\repos\calculadoraIphone\main.py : Iniciei a interface
08/03/24 10:45:32 | INFO | C:\Users\gabriel.adprestes\source\repos\calculadoraIphone\main.py : Iniciei a interface
08/03/24 10:46:03 | INFO | C:\Users\gabriel.adprestes\source\repos\calculadoraIphone\main.py : Iniciei a interface
08/03/24 10:49:04 | INFO | C:\Users\gabriel.adprestes\source\repos\calculadoraIphone\main.py : Iniciei a interface
08/03/24 10:50:16 | INFO | C:\Users\gabriel.adprestes\source\repos\calculadoraIphone\main.py : Iniciei a interface
08/03/24 10:50:51 | INFO | C:\Users\gabriel.adprestes\source\repos\calculadoraIphone\main.py : Iniciei a interface
08/03/24 10:51:15 | INFO | C:\Users\gabriel.adprestes\source\repos\calculadoraIphone\main.py : Iniciei a interface
08/03/24 11:01:20 | INFO | C:\Users\gabriel.adprestes\source\repos\calculadoraIphone\main.py : Iniciei a interface
08/03/24 11:01:51 | INFO | C:\Users\gabriel.adprestes\source\repos\calculadoraIphone\main.py : Iniciei a interface
08/03/24 11:02:31 | INFO | C:\Users\gabriel.adprestes\source\repos\calculadoraIphone\main.py : Iniciei a interface
08/03/24 11:06:53 | INFO | C:\Users\gabriel.adprestes\source\repos\calculadoraIphone\main.py : Iniciei a interface
08/03/24 11:10:31 | INFO | C:\Users\gabriel.adprestes\source\repos\calculadoraIphone\main.py : Iniciei a interface
08/03/24 11:13:20 | INFO | C:\Users\gabriel.adprestes\source\repos\calculadoraIphone\main.py : Iniciei a interface
08/03/24 11:13:49 | INFO | C:\Users\gabriel.adprestes\source\repos\calculadoraIphone\main.py : Iniciei a interface
08/03/24 11:13:55 | INFO | C:\Users\gabriel.adprestes\source\repos\calculadoraIphone\main.py : Iniciei a interface
08/03/24 11:14:22 | INFO | C:\Users\gabriel.adprestes\source\repos\calculadoraIphone\main.py : Iniciei a interface
08/03/24 11:33:36 | INFO | C:\Users\gabriel.adprestes\source\repos\calculadoraIphone\main.py : Iniciei a interface
08/03/24 11:34:03 | INFO | C:\Users\gabriel.adprestes\source\repos\calculadoraIphone\main.py : Iniciei a interface
08/03/24 11:35:24 | INFO | C:\Users\gabriel.adprestes\source\repos\calculadoraIphone\main.py : Iniciei a interface
08/03/24 11:43:51 | INFO | C:\Users\gabriel.adprestes\source\repos\calculadoraIphone\main.py : Iniciei a interface
08/03/24 11:44:04 | INFO | C:\Users\gabriel.adprestes\source\repos\calculadoraIphone\main.py : Iniciei a interface
08/03/24 11:44:08 | INFO | C:\Users\gabriel.adprestes\source\repos\calculadoraIphone\main.py : Iniciei a interface
08/03/24 11:49:04 | INFO | C:\Users\gabriel.adprestes\source\repos\calculadoraIphone\main.py : Iniciei a interface
08/03/24 11:52:08 | INFO | C:\Users\gabriel.adprestes\source\repos\calculadoraIphone\main.py : Iniciei a interface
08/03/24 11:52:49 | INFO | C:\Users\gabriel.adprestes\source\repos\calculadoraIphone\main.py : Iniciei a interface
08/03/24 11:53:49 | INFO | C:\Users\gabriel.adprestes\source\repos\calculadoraIphone\main.py : Iniciei a interface
08/03/24 11:54:39 | INFO | C:\Users\gabriel.adprestes\source\repos\calculadoraIphone\main.py : Iniciei a interface
08/03/24 18:19:25 | INFO | D:\Users\W10\Documents\Python\calculadoraIphone\main.py : Iniciei a interface
08/03/24 18:49:43 | INFO | D:\Users\W10\Documents\Python\calculadoraIphone\main.py : Iniciei a interface
08/03/24 19:06:46 | INFO | D:\Users\W10\Documents\Python\calculadoraIphone\main.py : Iniciei a interface
08/03/24 19:08:48 | INFO | D:\Users\W10\Documents\Python\calculadoraIphone\main.py : Iniciei a interface
09/03/24 12:24:31 | INFO | D:\Users\W10\Documents\Python\calculadoraIphone\main.py : Iniciei a interface
09/03/24 12:24:41 | INFO | D:\Users\W10\Documents\Python\calculadoraIphone\main.py : Iniciei a interface
09/03/24 12:31:15 | INFO | D:\Users\W10\Documents\Python\calculadoraIphone\main.py : Iniciei a interface
09/03/24 12:32:12 | INFO | D:\Users\W10\Documents\Python\calculadoraIphone\main.py : Iniciei a interface
09/03/24 12:56:02 | INFO | D:\Users\W10\Documents\Python\calculadoraIphone\main.py : Iniciei a interface
09/03/24 12:56:52 | INFO | D:\Users\W10\Documents\Python\calculadoraIphone\main.py : Iniciei a interface
09/03/24 13:07:04 | INFO | D:\Users\W10\Documents\Python\calculadoraIphone\main.py : Iniciei a interface
09/03/24 13:09:31 | INFO | D:\Users\W10\Documents\Python\calculadoraIphone\main.py : Iniciei a interface
09/03/24 13:10:11 | INFO | D:\Users\W10\Documents\Python\calculadoraIphone\main.py : Iniciei a interface
09/03/24 13:20:02 | INFO | D:\Users\W10\Documents\Python\calculadoraIphone\main.py : Iniciei a interface
09/03/24 13:28:21 | INFO | D:\Users\W10\Documents\Python\calculadoraIphone\main.py : Iniciei a interface
13/03/24 08:12:27 | INFO | C:\Users\gabriel.adprestes\source\repos\calculadoraIphone\main.py : Iniciei a interface
13/03/24 08:40:42 | INFO | C:\Users\gabriel.adprestes\source\repos\calculadoraIphone\main.py : Iniciei a interface
13/03/24 08:41:37 | INFO | C:\Users\gabriel.adprestes\source\repos\calculadoraIphone\main.py : Iniciei a interface
13/03/24 08:42:04 | INFO | C:\Users\gabriel.adprestes\source\repos\calculadoraIphone\main.py : Iniciei a interface
13/03/24 08:42:42 | INFO | C:\Users\gabriel.adprestes\source\repos\calculadoraIphone\main.py : Iniciei a interface
13/03/24 08:45:10 | INFO | C:\Users\gabriel.adprestes\source\repos\calculadoraIphone\main.py : Iniciei a interface
13/03/24 08:45:28 | INFO | C:\Users\gabriel.adprestes\source\repos\calculadoraIphone\main.py : Iniciei a interface
13/03/24 08:45:49 | INFO | C:\Users\gabriel.adprestes\source\repos\calculadoraIphone\main.py : Iniciei a interface
13/03/24 08:48:41 | INFO | C:\Users\gabriel.adprestes\source\repos\calculadoraIphone\main.py : Iniciei a interface
13/03/24 08:48:51 | INFO | C:\Users\gabriel.adprestes\source\repos\calculadoraIphone\main.py : Iniciei a interface
13/03/24 08:49:41 | INFO | C:\Users\gabriel.adprestes\source\repos\calculadoraIphone\main.py : Iniciei a interface
13/03/24 08:54:04 | INFO | C:\Users\gabriel.adprestes\source\repos\calculadoraIphone\main.py : Iniciei a interface
13/03/24 08:58:02 | INFO | C:\Users\gabriel.adprestes\source\repos\calculadoraIphone\main.py : Iniciei a interface
13/03/24 08:58:49 | INFO | C:\Users\gabriel.adprestes\source\repos\calculadoraIphone\main.py : Iniciei a interface
13/03/24 09:00:05 | INFO | C:\Users\gabriel.adprestes\source\repos\calculadoraIphone\main.py : Iniciei a interface
13/03/24 09:00:14 | INFO | C:\Users\gabriel.adprestes\source\repos\calculadoraIphone\main.py : Iniciei a interface
13/03/24 09:02:45 | INFO | C:\Users\gabriel.adprestes\source\repos\calculadoraIphone\main.py : Iniciei a interface
13/03/24 09:03:14 | INFO | C:\Users\gabriel.adprestes\source\repos\calculadoraIphone\main.py : Iniciei a interface
13/03/24 09:04:53 | INFO | C:\Users\gabriel.adprestes\source\repos\calculadoraIphone\main.py : Iniciei a interface
13/03/24 09:05:30 | INFO | C:\Users\gabriel.adprestes\source\repos\calculadoraIphone\main.py : Iniciei a interface
13/03/24 09:07:10 | INFO | C:\Users\gabriel.adprestes\source\repos\calculadoraIphone\main.py : Iniciei a interface
13/03/24 09:08:07 | INFO | C:\Users\gabriel.adprestes\source\repos\calculadoraIphone\main.py : Iniciei a interface
13/03/24 09:21:50 | INFO | C:\Users\gabriel.adprestes\source\repos\calculadoraIphone\main.py : Iniciei a interface
13/03/24 09:22:20 | INFO | C:\Users\gabriel.adprestes\source\repos\calculadoraIphone\main.py : Iniciei a interface
13/03/24 09:26:55 | INFO | C:\Users\gabriel.adprestes\source\repos\calculadoraIphone\main.py : Iniciei a interface
13/03/24 09:27:26 | INFO | C:\Users\gabriel.adprestes\source\repos\calculadoraIphone\main.py : Iniciei a interface
13/03/24 09:29:46 | INFO | C:\Users\gabriel.adprestes\source\repos\calculadoraIphone\main.py : Iniciei a interface
13/03/24 09:30:25 | INFO | C:\Users\gabriel.adprestes\source\repos\calculadoraIphone\main.py : Iniciei a interface
13/03/24 09:30:34 | INFO | C:\Users\gabriel.adprestes\source\repos\calculadoraIphone\main.py : Iniciei a interface
13/03/24 09:32:24 | INFO | C:\Users\gabriel.adprestes\source\repos\calculadoraIphone\main.py : Iniciei a interface
13/03/24 09:33:16 | INFO | C:\Users\gabriel.adprestes\source\repos\calculadoraIphone\main.py : Iniciei a interface
13/03/24 09:33:47 | INFO | C:\Users\gabriel.adprestes\source\repos\calculadoraIphone\main.py : Iniciei a interface
13/03/24 09:34:37 | INFO | C:\Users\gabriel.adprestes\source\repos\calculadoraIphone\main.py : Iniciei a interface
13/03/24 09:34:58 | INFO | C:\Users\gabriel.adprestes\source\repos\calculadoraIphone\main.py : Iniciei a interface
13/03/24 09:35:48 | INFO | C:\Users\gabriel.adprestes\source\repos\calculadoraIphone\main.py : Iniciei a interface
13/03/24 09:36:09 | INFO | C:\Users\gabriel.adprestes\source\repos\calculadoraIphone\main.py : Iniciei a interface
13/03/24 09:37:02 | INFO | C:\Users\gabriel.adprestes\source\repos\calculadoraIphone\main.py : Iniciei a interface
13/03/24 09:38:00 | INFO | C:\Users\gabriel.adprestes\source\repos\calculadoraIphone\main.py : Iniciei a interface
13/03/24 09:38:18 | INFO | C:\Users\gabriel.adprestes\source\repos\calculadoraIphone\main.py : Iniciei a interface
13/03/24 09:38:43 | INFO | C:\Users\gabriel.adprestes\source\repos\calculadoraIphone\main.py : Iniciei a interface
13/03/24 09:39:03 | INFO | C:\Users\gabriel.adprestes\source\repos\calculadoraIphone\main.py : Iniciei a interface
13/03/24 09:39:32 | INFO | C:\Users\gabriel.adprestes\source\repos\calculadoraIphone\main.py : Iniciei a interface
13/03/24 09:40:05 | INFO | C:\Users\gabriel.adprestes\source\repos\calculadoraIphone\main.py : Iniciei a interface
13/03/24 09:42:10 | INFO | C:\Users\gabriel.adprestes\source\repos\calculadoraIphone\main.py : Iniciei a interface
13/03/24 10:04:48 | INFO | C:\Users\gabriel.adprestes\source\repos\calculadoraIphone\main.py : Iniciei a interface
13/03/24 10:09:32 | INFO | C:\Users\gabriel.adprestes\source\repos\calculadoraIphone\main.py : Iniciei a interface
13/03/24 10:10:11 | INFO | C:\Users\gabriel.adprestes\source\repos\calculadoraIphone\main.py : Iniciei a interface
13/03/24 10:11:05 | INFO | C:\Users\gabriel.adprestes\source\repos\calculadoraIphone\main.py : Iniciei a interface
13/03/24 10:12:19 | INFO | C:\Users\gabriel.adprestes\source\repos\calculadoraIphone\main.py : Iniciei a interface
13/03/24 10:13:33 | INFO | C:\Users\gabriel.adprestes\source\repos\calculadoraIphone\main.py : Iniciei a interface
13/03/24 10:13:44 | INFO | C:\Users\gabriel.adprestes\source\repos\calculadoraIphone\main.py : Iniciei a interface
13/03/24 10:14:12 | INFO | C:\Users\gabriel.adprestes\source\repos\calculadoraIphone\main.py : Iniciei a interface
13/03/24 10:14:40 | INFO | C:\Users\gabriel.adprestes\source\repos\calculadoraIphone\main.py : Iniciei a interface
13/03/24 10:16:37 | INFO | C:\Users\gabriel.adprestes\source\repos\calculadoraIphone\main.py : Iniciei a interface
13/03/24 10:16:44 | INFO | C:\Users\gabriel.adprestes\source\repos\calculadoraIphone\main.py : Iniciei a interface
13/03/24 10:24:04 | INFO | C:\Users\gabriel.adprestes\source\repos\calculadoraIphone\main.py : Iniciei a interface
13/03/24 10:28:57 | INFO | C:\Users\gabriel.adprestes\source\repos\calculadoraIphone\main.py : Iniciei a interface
13/03/24 10:29:50 | INFO | C:\Users\gabriel.adprestes\source\repos\calculadoraIphone\main.py : Iniciei a interface
13/03/24 10:37:13 | INFO | C:\Users\gabriel.adprestes\source\repos\calculadoraIphone\main.py : Iniciei a interface
13/03/24 10:38:07 | INFO | C:\Users\gabriel.adprestes\source\repos\calculadoraIphone\main.py : Iniciei a interface
13/03/24 10:38:34 | INFO | C:\Users\gabriel.adprestes\source\repos\calculadoraIphone\main.py : Iniciei a interface
13/03/24 10:38:42 | INFO | C:\Users\gabriel.adprestes\source\repos\calculadoraIphone\main.py : Iniciei a interface
13/03/24 10:39:53 | INFO | C:\Users\gabriel.adprestes\source\repos\calculadoraIphone\main.py : Iniciei a interface
13/03/24 10:40:18 | INFO | C:\Users\gabriel.adprestes\source\repos\calculadoraIphone\main.py : Iniciei a interface
13/03/24 10:40:24 | INFO | C:\Users\gabriel.adprestes\source\repos\calculadoraIphone\main.py : Iniciei a interface
13/03/24 10:40:39 | INFO | C:\Users\gabriel.adprestes\source\repos\calculadoraIphone\main.py : Iniciei a interface
13/03/24 10:41:06 | INFO | C:\Users\gabriel.adprestes\source\repos\calculadoraIphone\main.py : Iniciei a interface
13/03/24 10:41:37 | INFO | C:\Users\gabriel.adprestes\source\repos\calculadoraIphone\main.py : Iniciei a interface
13/03/24 10:50:26 | INFO | C:\Users\gabriel.adprestes\source\repos\calculadoraIphone\main.py : Iniciei a interface
13/03/24 10:51:46 | INFO | C:\Users\gabriel.adprestes\source\repos\calculadoraIphone\main.py : Iniciei a interface
13/03/24 10:54:55 | INFO | C:\Users\gabriel.adprestes\source\repos\calculadoraIphone\main.py : Iniciei a interface
13/03/24 10:59:16 | INFO | C:\Users\gabriel.adprestes\source\repos\calculadoraIphone\main.py : Iniciei a interface
13/03/24 11:00:34 | INFO | C:\Users\gabriel.adprestes\source\repos\calculadoraIphone\main.py : Iniciei a interface
13/03/24 11:28:12 | INFO | C:\Users\gabriel.adprestes\source\repos\calculadoraIphone\main.py : Iniciei a interface
13/03/24 11:29:56 | INFO | C:\Users\gabriel.adprestes\source\repos\calculadoraIphone\main.py : Iniciei a interface
13/03/24 11:30:35 | INFO | C:\Users\gabriel.adprestes\source\repos\calculadoraIphone\main.py : Iniciei a interface
13/03/24 11:31:38 | INFO | C:\Users\gabriel.adprestes\source\repos\calculadoraIphone\main.py : Iniciei a interface
13/03/24 11:32:23 | INFO | C:\Users\gabriel.adprestes\source\repos\calculadoraIphone\main.py : Iniciei a interface
13/03/24 11:33:00 | INFO | C:\Users\gabriel.adprestes\source\repos\calculadoraIphone\main.py : Iniciei a interface
13/03/24 11:33:28 | INFO | C:\Users\gabriel.adprestes\source\repos\calculadoraIphone\main.py : Iniciei a interface
13/03/24 11:33:54 | INFO | C:\Users\gabriel.adprestes\source\repos\calculadoraIphone\main.py : Iniciei a interface
13/03/24 11:35:12 | INFO | C:\Users\gabriel.adprestes\source\repos\calculadoraIphone\main.py : Iniciei a interface
13/03/24 11:35:57 | INFO | C:\Users\gabriel.adprestes\source\repos\calculadoraIphone\main.py : Iniciei a interface
13/03/24 11:36:11 | INFO | C:\Users\gabriel.adprestes\source\repos\calculadoraIphone\main.py : Iniciei a interface
13/03/24 11:36:48 | INFO | C:\Users\gabriel.adprestes\source\repos\calculadoraIphone\main.py : Iniciei a interface
13/03/24 11:37:15 | INFO | C:\Users\gabriel.adprestes\source\repos\calculadoraIphone\main.py : Iniciei a interface
13/03/24 11:40:45 | INFO | C:\Users\gabriel.adprestes\source\repos\calculadoraIphone\main.py : Iniciei a interface
13/03/24 11:41:50 | INFO | C:\Users\gabriel.adprestes\source\repos\calculadoraIphone\main.py : Iniciei a interface
13/03/24 11:42:44 | INFO | C:\Users\gabriel.adprestes\source\repos\calculadoraIphone\main.py : Iniciei a interface
13/03/24 11:43:41 | INFO | C:\Users\gabriel.adprestes\source\repos\calculadoraIphone\main.py : Iniciei a interface
27/03/24 10:45:29 | INFO | C:\Users\gabriel.adprestes\source\repos\calculadoraIphone\main.py : Iniciei a interface
27/03/24 10:52:31 | INFO | C:\Users\gabriel.adprestes\source\repos\calculadoraIphone\main.py : Iniciei a interface
27/03/24 10:54:18 | INFO | C:\Users\gabriel.adprestes\source\repos\calculadoraIphone\main.py : Iniciei a interface
27/03/24 10:55:11 | INFO | C:\Users\gabriel.adprestes\source\repos\calculadoraIphone\main.py : Iniciei a interface
27/03/24 10:55:31 | INFO | C:\Users\gabriel.adprestes\source\repos\calculadoraIphone\main.py : Iniciei a interface
27/03/24 10:58:22 | INFO | C:\Users\gabriel.adprestes\source\repos\calculadoraIphone\main.py : Iniciei a interface
27/03/24 10:58:55 | INFO | C:\Users\gabriel.adprestes\source\repos\calculadoraIphone\main.py : Iniciei a interface
27/03/24 11:00:20 | INFO | C:\Users\gabriel.adprestes\source\repos\calculadoraIphone\main.py : Iniciei a interface
27/03/24 11:11:46 | INFO | C:\Users\gabriel.adprestes\source\repos\calculadoraIphone\main.py : Iniciei a interface
27/03/24 11:15:19 | INFO | C:\Users\gabriel.adprestes\source\repos\calculadoraIphone\main.py : Iniciei a interface
27/03/24 11:19:04 | INFO | C:\Users\gabriel.adprestes\source\repos\calculadoraIphone\main.py : Iniciei a interface
27/03/24 11:27:48 | INFO | C:\Users\gabriel.adprestes\source\repos\calculadoraIphone\main.py : Iniciei a interface
27/03/24 11:28:09 | INFO | C:\Users\gabriel.adprestes\source\repos\calculadoraIphone\main.py : Iniciei a interface
27/03/24 11:28:29 | INFO | C:\Users\gabriel.adprestes\source\repos\calculadoraIphone\main.py : Iniciei a interface
27/03/24 11:29:43 | INFO | C:\Users\gabriel.adprestes\source\repos\calculadoraIphone\main.py : Iniciei a interface
27/03/24 11:30:00 | INFO | C:\Users\gabriel.adprestes\source\repos\calculadoraIphone\main.py : Iniciei a interface
27/03/24 11:30:24 | INFO | C:\Users\gabriel.adprestes\source\repos\calculadoraIphone\main.py : Iniciei a interface
27/03/24 11:30:34 | INFO | C:\Users\gabriel.adprestes\source\repos\calculadoraIphone\main.py : Iniciei a interface
27/03/24 11:30:45 | INFO | C:\Users\gabriel.adprestes\source\repos\calculadoraIphone\main.py : Iniciei a interface
27/03/24 11:30:57 | INFO | C:\Users\gabriel.adprestes\source\repos\calculadoraIphone\main.py : Iniciei a interface
27/03/24 11:31:09 | INFO | C:\Users\gabriel.adprestes\source\repos\calculadoraIphone\main.py : Iniciei a interface
27/03/24 11:31:45 | INFO | C:\Users\gabriel.adprestes\source\repos\calculadoraIphone\main.py : Iniciei a interface
27/03/24 11:32:01 | INFO | C:\Users\gabriel.adprestes\source\repos\calculadoraIphone\main.py : Iniciei a interface
27/03/24 11:32:42 | INFO | C:\Users\gabriel.adprestes\source\repos\calculadoraIphone\main.py : Iniciei a interface
03/04/24 08:16:41 | INFO | C:\Users\gabriel.adprestes\source\repos\calculadoraIphone\main.py : Iniciei a interface
03/04/24 08:19:11 | INFO | C:\Users\gabriel.adprestes\source\repos\calculadoraIphone\main.py : Iniciei a interface
03/04/24 08:35:56 | INFO | C:\Users\gabriel.adprestes\source\repos\calculadoraIphone\main.py : Iniciei a interface
03/04/24 08:36:34 | INFO | C:\Users\gabriel.adprestes\source\repos\calculadoraIphone\main.py : Iniciei a interface
03/04/24 08:36:57 | INFO | C:\Users\gabriel.adprestes\source\repos\calculadoraIphone\main.py : Iniciei a interface
03/04/24 08:37:16 | INFO | C:\Users\gabriel.adprestes\source\repos\calculadoraIphone\main.py : Iniciei a interface
03/04/24 08:38:06 | INFO | C:\Users\gabriel.adprestes\source\repos\calculadoraIphone\main.py : Iniciei a interface
03/04/24 09:27:03 | INFO | C:\Users\gabriel.adprestes\source\repos\calculadoraIphone\main.py : Iniciei a interface
03/04/24 09:29:50 | INFO | C:\Users\gabriel.adprestes\source\repos\calculadoraIphone\main.py : Iniciei a interface
03/04/24 09:30:48 | INFO | C:\Users\gabriel.adprestes\source\repos\calculadoraIphone\main.py : Iniciei a interface
03/04/24 09:32:34 | INFO | C:\Users\gabriel.adprestes\source\repos\calculadoraIphone\main.py : Iniciei a interface
03/04/24 09:35:02 | INFO | C:\Users\gabriel.adprestes\source\repos\calculadoraIphone\main.py : Iniciei a interface
03/04/24 09:38:19 | INFO | C:\Users\gabriel.adprestes\source\repos\calculadoraIphone\main.py : Iniciei a interface
03/04/24 09:44:21 | INFO | C:\Users\gabriel.adprestes\source\repos\calculadoraIphone\main.py : Iniciei a interface
03/04/24 09:45:27 | INFO | C:\Users\gabriel.adprestes\source\repos\calculadoraIphone\main.py : Iniciei a interface
03/04/24 09:45:37 | INFO | C:\Users\gabriel.adprestes\source\repos\calculadoraIphone\main.py : Iniciei a interface
03/04/24 09:52:38 | INFO | C:\Users\gabriel.adprestes\source\repos\calculadoraIphone\main.py : Iniciei a interface
03/04/24 09:53:47 | INFO | C:\Users\gabriel.adprestes\source\repos\calculadoraIphone\main.py : Iniciei a interface
03/04/24 09:54:00 | INFO | C:\Users\gabriel.adprestes\source\repos\calculadoraIphone\main.py : Iniciei a interface
03/04/24 10:02:54 | INFO | C:\Users\gabriel.adprestes\source\repos\calculadoraIphone\main.py : Iniciei a interface
03/04/24 10:07:06 | INFO | C:\Users\gabriel.adprestes\source\repos\calculadoraIphone\main.py : Iniciei a interface
03/04/24 10:36:55 | INFO | C:\Users\gabriel.adprestes\source\repos\calculadoraIphone\main.py : Iniciei a interface
03/04/24 11:02:26 | INFO | C:\Users\gabriel.adprestes\source\repos\calculadoraIphone\main.py : Iniciei a interface
03/04/24 11:05:14 | INFO | C:\Users\gabriel.adprestes\source\repos\calculadoraIphone\main.py : Iniciei a interface
03/04/24 11:06:41 | INFO | C:\Users\gabriel.adprestes\source\repos\calculadoraIphone\main.py : Iniciei a interface
03/04/24 11:09:09 | INFO | C:\Users\gabriel.adprestes\source\repos\calculadoraIphone\main.py : Iniciei a interface
03/04/24 11:10:45 | INFO | C:\Users\gabriel.adprestes\source\repos\calculadoraIphone\main.py : Iniciei a interface
03/04/24 11:11:40 | INFO | C:\Users\gabriel.adprestes\source\repos\calculadoraIphone\main.py : Iniciei a interface
03/04/24 11:12:35 | INFO | C:\Users\gabriel.adprestes\source\repos\calculadoraIphone\main.py : Iniciei a interface
03/04/24 11:13:02 | INFO | C:\Users\gabriel.adprestes\source\repos\calculadoraIphone\main.py : Iniciei a interface
03/04/24 11:17:13 | INFO | C:\Users\gabriel.adprestes\source\repos\calculadoraIphone\main.py : Iniciei a interface
03/04/24 11:20:06 | INFO | C:\Users\gabriel.adprestes\source\repos\calculadoraIphone\main.py : Iniciei a interface
03/04/24 11:20:37 | INFO | C:\Users\gabriel.adprestes\source\repos\calculadoraIphone\main.py : Iniciei a interface
03/04/24 11:23:21 | INFO | C:\Users\gabriel.adprestes\source\repos\calculadoraIphone\main.py : Iniciei a interface
03/04/24 11:47:31 | INFO | C:\Users\gabriel.adprestes\OneDrive - SENAC - SP\Documentos\calculadoraIphone\main.py : Iniciei a interface
